Using pre-set license
Built from '2021.3/staging' branch; Version is '2021.3.18f1 (3129e69bc0c7) revision 3221990'; Using compiler version '192829333'; Build Type 'Release'
OS: 'Windows 11  (10.0.25197) 64bit Core' Language: 'ru' Physical Memory: 16332 MB
BatchMode: 1, IsHumanControllingUs: 0, StartBugReporterOnCrash: 0, Is64bit: 1, IsPro: 1

COMMAND LINE ARGUMENTS:
C:\Program Files\Unity\Hub\Editor\2021.3.18f1\Editor\Unity.exe
-adb2
-batchMode
-noUpm
-name
AssetImportWorker0
-projectPath
C:/Unity Projects/Racing
-logFile
Logs/AssetImportWorker0.log
-srvPort
58373
Successfully changed project path to: C:/Unity Projects/Racing
C:/Unity Projects/Racing
[UnityMemory] Configuration Parameters - Can be set up in boot.config
    "memorysetup-bucket-allocator-granularity=16"
    "memorysetup-bucket-allocator-bucket-count=8"
    "memorysetup-bucket-allocator-block-size=33554432"
    "memorysetup-bucket-allocator-block-count=8"
    "memorysetup-main-allocator-block-size=16777216"
    "memorysetup-thread-allocator-block-size=16777216"
    "memorysetup-gfx-main-allocator-block-size=16777216"
    "memorysetup-gfx-thread-allocator-block-size=16777216"
    "memorysetup-cache-allocator-block-size=4194304"
    "memorysetup-typetree-allocator-block-size=2097152"
    "memorysetup-profiler-bucket-allocator-granularity=16"
    "memorysetup-profiler-bucket-allocator-bucket-count=8"
    "memorysetup-profiler-bucket-allocator-block-size=33554432"
    "memorysetup-profiler-bucket-allocator-block-count=8"
    "memorysetup-profiler-allocator-block-size=16777216"
    "memorysetup-profiler-editor-allocator-block-size=1048576"
    "memorysetup-temp-allocator-size-main=16777216"
    "memorysetup-job-temp-allocator-block-size=2097152"
    "memorysetup-job-temp-allocator-block-size-background=1048576"
    "memorysetup-job-temp-allocator-reduction-small-platforms=262144"
    "memorysetup-temp-allocator-size-background-worker=32768"
    "memorysetup-temp-allocator-size-job-worker=262144"
    "memorysetup-temp-allocator-size-preload-manager=33554432"
    "memorysetup-temp-allocator-size-nav-mesh-worker=65536"
    "memorysetup-temp-allocator-size-audio-worker=65536"
    "memorysetup-temp-allocator-size-cloud-worker=32768"
    "memorysetup-temp-allocator-size-gi-baking-worker=262144"
    "memorysetup-temp-allocator-size-gfx=262144"
Player connection [8356] Host "[IP] 192.168.0.2 [Port] 0 [Flags] 2 [Guid] 701735082 [EditorId] 701735082 [Version] 1048832 [Id] WindowsEditor(7,HOME-PC) [Debug] 1 [PackageName] WindowsEditor [ProjectName] Editor" joined multi-casting on [225.0.0.222:54997]...

Player connection [8356] Host "[IP] 192.168.0.2 [Port] 0 [Flags] 2 [Guid] 701735082 [EditorId] 701735082 [Version] 1048832 [Id] WindowsEditor(7,HOME-PC) [Debug] 1 [PackageName] WindowsEditor [ProjectName] Editor" joined alternative multi-casting on [225.0.0.222:34997]...

Refreshing native plugins compatible for Editor in 84.87 ms, found 3 plugins.
Preloading 0 native plugins for Editor in 0.00 ms.
Initialize engine version: 2021.3.18f1 (3129e69bc0c7)
[Subsystems] Discovering subsystems at path C:/Program Files/Unity/Hub/Editor/2021.3.18f1/Editor/Data/Resources/UnitySubsystems
[Subsystems] Discovering subsystems at path C:/Unity Projects/Racing/Assets
GfxDevice: creating device client; threaded=0; jobified=0
Direct3D:
    Version:  Direct3D 11.0 [level 11.1]
    Renderer: NVIDIA GeForce RTX 3060 (ID=0x2504)
    Vendor:   NVIDIA
    VRAM:     12129 MB
    Driver:   31.0.15.2756
Initialize mono
Mono path[0] = 'C:/Program Files/Unity/Hub/Editor/2021.3.18f1/Editor/Data/Managed'
Mono path[1] = 'C:/Program Files/Unity/Hub/Editor/2021.3.18f1/Editor/Data/MonoBleedingEdge/lib/mono/unityjit-win32'
Mono config path = 'C:/Program Files/Unity/Hub/Editor/2021.3.18f1/Editor/Data/MonoBleedingEdge/etc'
Using monoOptions --debugger-agent=transport=dt_socket,embedding=1,server=y,suspend=n,address=127.0.0.1:56744
Begin MonoManager ReloadAssembly
Registering precompiled unity dll's ...
Register platform support module: C:/Program Files/Unity/Hub/Editor/2021.3.18f1/Editor/Data/PlaybackEngines/WindowsStandaloneSupport/UnityEditor.WindowsStandalone.Extensions.dll
Registered in 0.002903 seconds.
Native extension for WindowsStandalone target not found
Refreshing native plugins compatible for Editor in 79.55 ms, found 3 plugins.
Preloading 0 native plugins for Editor in 0.00 ms.
Mono: successfully reloaded assembly
- Completed reload, in  0.562 seconds
Domain Reload Profiling:
	ReloadAssembly (563ms)
		BeginReloadAssembly (60ms)
			ExecutionOrderSort (0ms)
			DisableScriptedObjects (0ms)
			BackupInstance (0ms)
			ReleaseScriptingObjects (0ms)
			CreateAndSetChildDomain (1ms)
		EndReloadAssembly (407ms)
			LoadAssemblies (59ms)
			RebuildTransferFunctionScriptingTraits (0ms)
			SetupTypeCache (102ms)
			ReleaseScriptCaches (0ms)
			RebuildScriptCaches (24ms)
			SetupLoadedEditorAssemblies (238ms)
				LogAssemblyErrors (0ms)
				InitializePlatformSupportModulesInManaged (6ms)
				SetLoadedEditorAssemblies (0ms)
				RefreshPlugins (80ms)
				BeforeProcessingInitializeOnLoad (1ms)
				ProcessInitializeOnLoadAttributes (106ms)
				ProcessInitializeOnLoadMethodAttributes (45ms)
				AfterProcessingInitializeOnLoad (0ms)
				EditorAssembliesLoaded (0ms)
			ExecutionOrderSort2 (0ms)
			AwakeInstancesAfterBackupRestoration (0ms)
Platform modules already initialized, skipping
Registering precompiled user dll's ...
Registered in 0.002472 seconds.
Begin MonoManager ReloadAssembly
Symbol file LoadedFromMemory doesn't match image C:\Unity Projects\Racing\Library\PackageCache\com.unity.visualscripting@1.8.0\Editor\VisualScripting.Core\Dependencies\YamlDotNet\Unity.VisualScripting.YamlDotNet.dll
Symbol file LoadedFromMemory doesn't match image C:\Unity Projects\Racing\Library\PackageCache\com.unity.visualscripting@1.8.0\Editor\VisualScripting.Core\Dependencies\DotNetZip\Unity.VisualScripting.IonicZip.dll
Native extension for WindowsStandalone target not found
Refreshing native plugins compatible for Editor in 0.58 ms, found 3 plugins.
Preloading 0 native plugins for Editor in 0.00 ms.
Mono: successfully reloaded assembly
- Completed reload, in  0.916 seconds
Domain Reload Profiling:
	ReloadAssembly (917ms)
		BeginReloadAssembly (96ms)
			ExecutionOrderSort (0ms)
			DisableScriptedObjects (5ms)
			BackupInstance (0ms)
			ReleaseScriptingObjects (0ms)
			CreateAndSetChildDomain (20ms)
		EndReloadAssembly (719ms)
			LoadAssemblies (65ms)
			RebuildTransferFunctionScriptingTraits (0ms)
			SetupTypeCache (262ms)
			ReleaseScriptCaches (1ms)
			RebuildScriptCaches (50ms)
			SetupLoadedEditorAssemblies (307ms)
				LogAssemblyErrors (0ms)
				InitializePlatformSupportModulesInManaged (4ms)
				SetLoadedEditorAssemblies (0ms)
				RefreshPlugins (1ms)
				BeforeProcessingInitializeOnLoad (83ms)
				ProcessInitializeOnLoadAttributes (196ms)
				ProcessInitializeOnLoadMethodAttributes (20ms)
				AfterProcessingInitializeOnLoad (3ms)
				EditorAssembliesLoaded (0ms)
			ExecutionOrderSort2 (0ms)
			AwakeInstancesAfterBackupRestoration (5ms)
Platform modules already initialized, skipping
========================================================================
Worker process is ready to serve import requests
Launched and connected shader compiler UnityShaderCompiler.exe after 0.04 seconds
Refreshing native plugins compatible for Editor in 0.59 ms, found 3 plugins.
Preloading 0 native plugins for Editor in 0.00 ms.
Unloading 3048 Unused Serialized files (Serialized files now loaded: 0)
Unloading 24 unused Assets / (113.4 KB). Loaded Objects now: 3508.
Memory consumption went from 107.4 MB to 107.3 MB.
Total: 2.733800 ms (FindLiveObjects: 0.273300 ms CreateObjectMapping: 0.081600 ms MarkObjects: 2.267300 ms  DeleteObjects: 0.110800 ms)

AssetImportParameters requested are different than current active one (requested -> active):
  custom:video-decoder-ogg-theora: a1e56fd34408186e4bbccfd4996cb3dc -> 
  custom:container-muxer-webm: aa71ff27fc2769a1b78a27578f13a17b -> 
  custom:container-demuxer-webm: 4f35f7cbe854078d1ac9338744f61a02 -> 
  custom:video-encoder-webm-vp8: eb34c28f22e8b96e1ab97ce403110664 -> 
  custom:audio-encoder-webm-vorbis: bf7c407c2cedff20999df2af8eb42d56 -> 
  custom:framework-win-MediaFoundation: 216162199b28c13a410421893ffa2e32 -> 
  custom:container-demuxer-ogg: 62fdf1f143b41e24485cea50d1cbac27 -> 
  custom:video-decoder-webm-vp8: 9c59270c3fd7afecdb556c50c9e8de78 -> 
  custom:audio-decoder-ogg-vorbis: bf7c407c2cedff20999df2af8eb42d56 -> 
========================================================================
Received Import Request.
  Time since last request: 86894.252546 seconds.
  path: Assets/Script
  artifactKey: Guid(c4085530578284e4ca47455a5d13c8c0) Importer(815301076,1909f56bfc062723c751e8b465ee728b)
Start importing Assets/Script using Guid(c4085530578284e4ca47455a5d13c8c0) Importer(815301076,1909f56bfc062723c751e8b465ee728b)  -> (artifact id: '03c04932dac48bcc71b8b3668dacb4aa') in 0.007367 seconds 
========================================================================
Received Import Request.
  Time since last request: 11.046689 seconds.
  path: Assets/Resources
  artifactKey: Guid(3535c999fba16d9438c05ad55806d913) Importer(815301076,1909f56bfc062723c751e8b465ee728b)
Start importing Assets/Resources using Guid(3535c999fba16d9438c05ad55806d913) Importer(815301076,1909f56bfc062723c751e8b465ee728b)  -> (artifact id: '3770548138c6422958dfdab4b5c78d25') in 0.001289 seconds 
========================================================================
Received Import Request.
  Time since last request: 26.905337 seconds.
  path: Assets/Resources/Graphics
  artifactKey: Guid(f6177f6af98270845926a0b17c53b7fb) Importer(815301076,1909f56bfc062723c751e8b465ee728b)
Start importing Assets/Resources/Graphics using Guid(f6177f6af98270845926a0b17c53b7fb) Importer(815301076,1909f56bfc062723c751e8b465ee728b)  -> (artifact id: 'f6f155fc563a1cf67501c6e567d2b671') in 0.001270 seconds 
========================================================================
Received Import Request.
  Time since last request: 1.415106 seconds.
  path: Assets/Resources/Graphics 1
  artifactKey: Guid(5bd24683c32b4f24eb1f1a7c30bae70a) Importer(815301076,1909f56bfc062723c751e8b465ee728b)
Start importing Assets/Resources/Graphics 1 using Guid(5bd24683c32b4f24eb1f1a7c30bae70a) Importer(815301076,1909f56bfc062723c751e8b465ee728b)  -> (artifact id: 'ec2d8b1fb9e54f50d8be2afadfebe8af') in 0.000879 seconds 
========================================================================
Received Import Request.
  Time since last request: 10.594630 seconds.
  path: Assets/Resources/Audio
  artifactKey: Guid(5bd24683c32b4f24eb1f1a7c30bae70a) Importer(815301076,1909f56bfc062723c751e8b465ee728b)
Start importing Assets/Resources/Audio using Guid(5bd24683c32b4f24eb1f1a7c30bae70a) Importer(815301076,1909f56bfc062723c751e8b465ee728b)  -> (artifact id: 'ae8c009d94473d635b327534ac374fb6') in 0.001010 seconds 
========================================================================
Received Import Request.
  Time since last request: 2.843213 seconds.
  path: Assets/Resources/Audio 1
  artifactKey: Guid(82fb4a4a4c9026b45aa062121c5cfd6f) Importer(815301076,1909f56bfc062723c751e8b465ee728b)
Start importing Assets/Resources/Audio 1 using Guid(82fb4a4a4c9026b45aa062121c5cfd6f) Importer(815301076,1909f56bfc062723c751e8b465ee728b)  -> (artifact id: '467f708b3af8e79636b1e50cca9554d8') in 0.001141 seconds 
========================================================================
Received Import Request.
  Time since last request: 19.046095 seconds.
  path: Assets/Resources/Fonts
  artifactKey: Guid(82fb4a4a4c9026b45aa062121c5cfd6f) Importer(815301076,1909f56bfc062723c751e8b465ee728b)
Start importing Assets/Resources/Fonts using Guid(82fb4a4a4c9026b45aa062121c5cfd6f) Importer(815301076,1909f56bfc062723c751e8b465ee728b)  -> (artifact id: '519be15a2b359f15b3335005c138eafd') in 0.000876 seconds 
========================================================================
Received Import Request.
  Time since last request: 23.933596 seconds.
  path: Assets/Resources/Graphics/2D
  artifactKey: Guid(1516f6f315b38fc4b9ec3e4d49a63c74) Importer(815301076,1909f56bfc062723c751e8b465ee728b)
Start importing Assets/Resources/Graphics/2D using Guid(1516f6f315b38fc4b9ec3e4d49a63c74) Importer(815301076,1909f56bfc062723c751e8b465ee728b)  -> (artifact id: 'b2686ea5a28e7dab6322ab90357eee2f') in 0.001076 seconds 
========================================================================
Received Import Request.
  Time since last request: 6.095444 seconds.
  path: Assets/Resources/Audio/FX
  artifactKey: Guid(a2cce3ffe8c7590458fd452e9a515bcb) Importer(815301076,1909f56bfc062723c751e8b465ee728b)
Start importing Assets/Resources/Audio/FX using Guid(a2cce3ffe8c7590458fd452e9a515bcb) Importer(815301076,1909f56bfc062723c751e8b465ee728b)  -> (artifact id: 'd5dfe3bf1a7b3747376fa891ad9a696d') in 0.001049 seconds 
========================================================================
Received Import Request.
  Time since last request: 6.438564 seconds.
  path: Assets/Resources/Audio/Music
  artifactKey: Guid(fed5eeb406635ff468b348b4f58517f7) Importer(815301076,1909f56bfc062723c751e8b465ee728b)
Start importing Assets/Resources/Audio/Music using Guid(fed5eeb406635ff468b348b4f58517f7) Importer(815301076,1909f56bfc062723c751e8b465ee728b)  -> (artifact id: '59de81b809051f08c5f9903662dbff90') in 0.001063 seconds 
========================================================================
Received Import Request.
  Time since last request: 18.567915 seconds.
  path: Assets/Script/Car
  artifactKey: Guid(b2ecda18767959f428458418637b0a98) Importer(815301076,1909f56bfc062723c751e8b465ee728b)
Start importing Assets/Script/Car using Guid(b2ecda18767959f428458418637b0a98) Importer(815301076,1909f56bfc062723c751e8b465ee728b)  -> (artifact id: '2ed2aa3b75784bfd22406fcc02212adb') in 0.000955 seconds 
========================================================================
Received Import Request.
  Time since last request: 1.742776 seconds.
  path: Assets/Script/Car 1
  artifactKey: Guid(c898585c1e57e9a4b81b2130078c0b2f) Importer(815301076,1909f56bfc062723c751e8b465ee728b)
Start importing Assets/Script/Car 1 using Guid(c898585c1e57e9a4b81b2130078c0b2f) Importer(815301076,1909f56bfc062723c751e8b465ee728b)  -> (artifact id: '72293da817bb7047a2bf6a3f3d8467f1') in 0.001080 seconds 
========================================================================
Received Import Request.
  Time since last request: 5.215798 seconds.
  path: Assets/Script/Managers
  artifactKey: Guid(c898585c1e57e9a4b81b2130078c0b2f) Importer(815301076,1909f56bfc062723c751e8b465ee728b)
Start importing Assets/Script/Managers using Guid(c898585c1e57e9a4b81b2130078c0b2f) Importer(815301076,1909f56bfc062723c751e8b465ee728b)  -> (artifact id: 'aef76a7d71de1a7efed62e1147d59169') in 0.000835 seconds 
========================================================================
Received Import Request.
  Time since last request: 21.860442 seconds.
  path: Assets/Resources/Graphics/Voice
  artifactKey: Guid(60f6d544ed6aedc4e8c40b3a6b96bf05) Importer(815301076,1909f56bfc062723c751e8b465ee728b)
Start importing Assets/Resources/Graphics/Voice using Guid(60f6d544ed6aedc4e8c40b3a6b96bf05) Importer(815301076,1909f56bfc062723c751e8b465ee728b)  -> (artifact id: '8df6740e35ce69a41e05f61e1be56bd0') in 0.001045 seconds 
========================================================================
Received Import Request.
  Time since last request: 90.070476 seconds.
  path: Assets/Script/Car/Car.cs
  artifactKey: Guid(f61e92225aa6c7e4cae6c7c9dc3b16a8) Importer(815301076,1909f56bfc062723c751e8b465ee728b)
Start importing Assets/Script/Car/Car.cs using Guid(f61e92225aa6c7e4cae6c7c9dc3b16a8) Importer(815301076,1909f56bfc062723c751e8b465ee728b)  -> (artifact id: '0571f941631eb9208538518a14e026a8') in 0.017784 seconds 
========================================================================
Received Prepare
Registering precompiled user dll's ...
Registered in 0.002145 seconds.
Begin MonoManager ReloadAssembly
Symbol file LoadedFromMemory doesn't match image C:\Unity Projects\Racing\Library\PackageCache\com.unity.visualscripting@1.8.0\Editor\VisualScripting.Core\Dependencies\YamlDotNet\Unity.VisualScripting.YamlDotNet.dll
Symbol file LoadedFromMemory doesn't match image C:\Unity Projects\Racing\Library\PackageCache\com.unity.visualscripting@1.8.0\Editor\VisualScripting.Core\Dependencies\DotNetZip\Unity.VisualScripting.IonicZip.dll
Native extension for WindowsStandalone target not found
Refreshing native plugins compatible for Editor in 0.67 ms, found 3 plugins.
Preloading 0 native plugins for Editor in 0.00 ms.
Mono: successfully reloaded assembly
- Completed reload, in  0.828 seconds
Domain Reload Profiling:
	ReloadAssembly (829ms)
		BeginReloadAssembly (114ms)
			ExecutionOrderSort (0ms)
			DisableScriptedObjects (5ms)
			BackupInstance (0ms)
			ReleaseScriptingObjects (0ms)
			CreateAndSetChildDomain (31ms)
		EndReloadAssembly (635ms)
			LoadAssemblies (60ms)
			RebuildTransferFunctionScriptingTraits (0ms)
			SetupTypeCache (251ms)
			ReleaseScriptCaches (1ms)
			RebuildScriptCaches (44ms)
			SetupLoadedEditorAssemblies (241ms)
				LogAssemblyErrors (0ms)
				InitializePlatformSupportModulesInManaged (11ms)
				SetLoadedEditorAssemblies (0ms)
				RefreshPlugins (1ms)
				BeforeProcessingInitializeOnLoad (55ms)
				ProcessInitializeOnLoadAttributes (156ms)
				ProcessInitializeOnLoadMethodAttributes (15ms)
				AfterProcessingInitializeOnLoad (3ms)
				EditorAssembliesLoaded (0ms)
			ExecutionOrderSort2 (0ms)
			AwakeInstancesAfterBackupRestoration (4ms)
Platform modules already initialized, skipping
Refreshing native plugins compatible for Editor in 1.14 ms, found 3 plugins.
Preloading 0 native plugins for Editor in 0.00 ms.
Unloading 3044 Unused Serialized files (Serialized files now loaded: 0)
Unloading 17 unused Assets / (79.8 KB). Loaded Objects now: 3512.
Memory consumption went from 107.3 MB to 107.3 MB.
Total: 2.766100 ms (FindLiveObjects: 0.303500 ms CreateObjectMapping: 0.083200 ms MarkObjects: 2.278200 ms  DeleteObjects: 0.100200 ms)

AssetImportParameters requested are different than current active one (requested -> active):
  custom:video-decoder-ogg-theora: a1e56fd34408186e4bbccfd4996cb3dc -> 
  custom:container-muxer-webm: aa71ff27fc2769a1b78a27578f13a17b -> 
  custom:container-demuxer-webm: 4f35f7cbe854078d1ac9338744f61a02 -> 
  custom:video-encoder-webm-vp8: eb34c28f22e8b96e1ab97ce403110664 -> 
  custom:audio-encoder-webm-vorbis: bf7c407c2cedff20999df2af8eb42d56 -> 
  custom:framework-win-MediaFoundation: 216162199b28c13a410421893ffa2e32 -> 
  custom:container-demuxer-ogg: 62fdf1f143b41e24485cea50d1cbac27 -> 
  custom:video-decoder-webm-vp8: 9c59270c3fd7afecdb556c50c9e8de78 -> 
  custom:audio-decoder-ogg-vorbis: bf7c407c2cedff20999df2af8eb42d56 -> 
